{"level":"info","msg":"Démarrage de l'application AVSecure","time":"2025-03-20T11:32:06Z"}
{"file":"main.go","level":"info","msg":"Début de l'analyse du fichier","time":"2025-03-20T11:32:24Z"}
{"file":"/tmp/main.go","level":"info","msg":"Fichier analysé avec MetaDefender","result":"clean","time":"2025-03-20T11:32:27Z"}
{"file":"main.go","level":"info","msg":"Résultat de l'analyse MetaDefender","result":"clean","time":"2025-03-20T11:32:27Z"}
{"file":"/tmp/main.go","level":"info","msg":"Échec de l'analyse Hybrid Analysis","state":"ERROR","time":"2025-03-20T11:32:30Z"}
{"error":"erreur Hybrid Analysis: échec de l'analyse Hybrid Analysis: ERROR","file":"main.go","level":"info","msg":"Erreur lors de l'analyse","time":"2025-03-20T11:32:30Z"}
{"file":"/tmp/main.go","level":"info","msg":"Fichier analysé avec ClamAV","result":"clean","time":"2025-03-20T11:32:38Z"}
{"file":"main.go","level":"info","msg":"Résultat de l'analyse ClamAV","result":"clean","time":"2025-03-20T11:32:38Z"}
{"file":"/tmp/main.go","level":"info","msg":"Fichier analysé avec VirusTotal","result":"clean","time":"2025-03-20T11:32:56Z"}
{"file":"main.go","level":"info","msg":"Résultat de l'analyse VirusTotal","result":"clean","time":"2025-03-20T11:32:56Z"}
{"file":"main.go","level":"info","msg":"Résultat final de l'analyse","result":"clean","time":"2025-03-20T11:32:56Z"}
{"error":"une ou plusieurs analyses ont échoué: ClamAV: \u003cnil\u003e, VirusTotal: \u003cnil\u003e, MetaDefender: \u003cnil\u003e, Hybrid Analysis: erreur Hybrid Analysis: échec de l'analyse Hybrid Analysis: ERROR","file":"main.go","level":"info","msg":"Erreur lors de l'analyse du fichier","time":"2025-03-20T11:32:56Z"}
{"level":"info","msg":"Démarrage de l'application AVSecure","time":"2025-03-20T11:39:02Z"}
{"file":"eicar.com","level":"info","msg":"Début de l'analyse du fichier","time":"2025-03-20T11:39:22Z"}
{"file":"/tmp/eicar.com","level":"info","msg":"Fichier infecté détecté par MetaDefender","result":"infected","status":"Infected","time":"2025-03-20T11:39:25Z"}
{"file":"eicar.com","level":"info","msg":"Résultat de l'analyse MetaDefender","result":"infected","time":"2025-03-20T11:39:25Z"}
{"file":"/tmp/eicar.com","level":"info","msg":"Fichier infecté détecté par Hybrid Analysis","result":"infected","time":"2025-03-20T11:39:28Z","verdict":"malicious"}
{"file":"eicar.com","level":"info","msg":"Résultat de l'analyse Hybrid Analysis","result":"infected","time":"2025-03-20T11:39:28Z"}
{"file":"/tmp/eicar.com","level":"info","msg":"Fichier infecté détecté","result":"infected","time":"2025-03-20T11:39:37Z"}
{"file":"eicar.com","level":"info","msg":"Résultat de l'analyse ClamAV","result":"infected","time":"2025-03-20T11:39:37Z"}
{"file":"/tmp/eicar.com","level":"info","msg":"Fichier infecté détecté par VirusTotal","result":"infected","time":"2025-03-20T11:39:53Z"}
{"file":"eicar.com","level":"info","msg":"Résultat de l'analyse VirusTotal","result":"infected","time":"2025-03-20T11:39:53Z"}
{"file":"eicar.com","level":"info","msg":"Résultat final de l'analyse","result":"infected","time":"2025-03-20T11:39:53Z"}
{"file":"eicar.com","level":"info","msg":"Résultat de l'analyse MetaDefender","result":"infected","time":"2025-03-20T11:39:53Z"}
{"file":"eicar.com","level":"info","msg":"Résultat de l'analyse Hybrid Analysis","result":"infected","time":"2025-03-20T11:39:53Z"}
{"file":"bon.txt","level":"info","msg":"Début de l'analyse du fichier","time":"2025-03-20T11:41:41Z"}
{"file":"/tmp/bon.txt","level":"info","msg":"Fichier analysé avec MetaDefender","result":"clean","time":"2025-03-20T11:41:44Z"}
{"file":"bon.txt","level":"info","msg":"Résultat de l'analyse MetaDefender","result":"clean","time":"2025-03-20T11:41:44Z"}
{"file":"/tmp/bon.txt","level":"info","msg":"Fichier analysé avec Hybrid Analysis","result":"clean","time":"2025-03-20T11:41:47Z","verdict":"no specific threat"}
{"file":"bon.txt","level":"info","msg":"Résultat de l'analyse Hybrid Analysis","result":"clean","time":"2025-03-20T11:41:47Z"}
{"file":"/tmp/bon.txt","level":"info","msg":"Fichier analysé avec ClamAV","result":"clean","time":"2025-03-20T11:41:56Z"}
{"file":"bon.txt","level":"info","msg":"Résultat de l'analyse ClamAV","result":"clean","time":"2025-03-20T11:41:56Z"}
{"file":"/tmp/bon.txt","level":"info","msg":"Fichier analysé avec VirusTotal","result":"clean","time":"2025-03-20T11:42:13Z"}
{"file":"bon.txt","level":"info","msg":"Résultat de l'analyse VirusTotal","result":"clean","time":"2025-03-20T11:42:13Z"}
{"file":"bon.txt","level":"info","msg":"Résultat final de l'analyse","result":"clean","time":"2025-03-20T11:42:13Z"}
{"file":"bon.txt","level":"info","msg":"Résultat de l'analyse MetaDefender","result":"clean","time":"2025-03-20T11:42:13Z"}
{"file":"bon.txt","level":"info","msg":"Résultat de l'analyse Hybrid Analysis","result":"clean","time":"2025-03-20T11:42:13Z"}
{"file":"avsecure.log","level":"info","msg":"Début de l'analyse du fichier","time":"2025-03-20T11:42:36Z"}
{"file":"/tmp/avsecure.log","level":"info","msg":"Fichier analysé avec MetaDefender","result":"clean","time":"2025-03-20T11:42:46Z"}
{"file":"avsecure.log","level":"info","msg":"Résultat de l'analyse MetaDefender","result":"clean","time":"2025-03-20T11:42:46Z"}
{"file":"/tmp/avsecure.log","level":"info","msg":"Hybrid Analysis a échoué, mais on continue l'analyse","state":"ERROR","time":"2025-03-20T11:42:49Z"}
{"file":"avsecure.log","level":"info","msg":"Résultat de l'analyse Hybrid Analysis","result":"indeterminate","time":"2025-03-20T11:42:49Z"}
{"file":"/tmp/avsecure.log","level":"info","msg":"Fichier analysé avec ClamAV","result":"clean","time":"2025-03-20T11:42:58Z"}
{"file":"avsecure.log","level":"info","msg":"Résultat de l'analyse ClamAV","result":"clean","time":"2025-03-20T11:42:58Z"}
{"file":"/tmp/avsecure.log","level":"info","msg":"Fichier analysé avec VirusTotal","result":"clean","time":"2025-03-20T11:43:14Z"}
{"file":"avsecure.log","level":"info","msg":"Résultat de l'analyse VirusTotal","result":"clean","time":"2025-03-20T11:43:14Z"}
{"file":"avsecure.log","level":"info","msg":"Résultat final de l'analyse","result":"clean","time":"2025-03-20T11:43:14Z"}
{"file":"avsecure.log","level":"info","msg":"Résultat de l'analyse MetaDefender","result":"clean","time":"2025-03-20T11:43:14Z"}
{"file":"avsecure.log","level":"info","msg":"Résultat de l'analyse Hybrid Analysis","result":"indeterminate","time":"2025-03-20T11:43:14Z"}
